  Compiling pointeroverride.asm
   Assembling: C:\Users\pokeg\Desktop\classic tf2\src\public\tier0\pointeroverride.asm
  Microsoft (R) Macro Assembler Version 12.00.40629.0
  Copyright (C) Microsoft Corporation.  All rights reserved.
  
  Running VPC CRC Check - server_tf_mod.vpc
  stdafx.cpp
  clas_baseviewmodel_shared.cpp
  clas_handviewmodel_shared.cpp
  tf_weapon_nailgun.cpp
  tf_weapon_nailnade.cpp
  tf_weapon_pipenade.cpp
  gamedll_replay.cpp
  achievement_saverestore.cpp
  achievementmgr.cpp
  achievements_hlx.cpp
  activitylist.cpp
  ai_activity.cpp
  ai_baseactor.cpp
  ai_basehumanoid.cpp
  ai_basenpc.cpp
  ai_basenpc_flyer.cpp
  ai_basenpc_flyer_new.cpp
  ai_basenpc_movement.cpp
  ai_basenpc_physicsflyer.cpp
  ai_basenpc_schedule.cpp
  ai_basenpc_squad.cpp
  ai_behavior.cpp
  ai_behavior_assault.cpp
  ai_behavior_fear.cpp
  ai_behavior_follow.cpp
  ai_behavior_lead.cpp
  ai_behavior_rappel.cpp
  ai_behavior_standoff.cpp
  ai_blended_movement.cpp
  ai_concommands.cpp
  ai_condition.cpp
  AI_Criteria.cpp
  ai_default.cpp
  ai_dynamiclink.cpp
  ai_event.cpp
  ai_goalentity.cpp
  ai_hint.cpp
  ai_hull.cpp
  ai_initutils.cpp
  AI_Interest_Target.cpp
  ai_link.cpp
  ai_localnavigator.cpp
  ai_looktarget.cpp
  ai_memory.cpp
  ai_motor.cpp
  ai_moveprobe.cpp
  ai_moveshoot.cpp
  ai_movesolver.cpp
  ai_namespaces.cpp
  ai_navigator.cpp
  ai_network.cpp
  ai_networkmanager.cpp
  ai_node.cpp
  ai_pathfinder.cpp
  ai_planesolver.cpp
  ai_playerally.cpp
  ai_relationship.cpp
  AI_ResponseSystem.cpp
  ai_route.cpp
  ai_saverestore.cpp
  ai_schedule.cpp
  ai_scriptconditions.cpp
  ai_senses.cpp
  ai_sentence.cpp
  ai_speech.cpp
  ai_speechfilter.cpp
  ai_squad.cpp
  ai_squadslot.cpp
  ai_tacticalservices.cpp
  ai_task.cpp
  ai_trackpather.cpp
  ai_utils.cpp
  ai_waypoint.cpp
  ammodef.cpp
  animation.cpp
  base_playeranimstate.cpp
  base_transmit_proxy.cpp
  baseachievement.cpp
  baseanimating.cpp
  BaseAnimatingOverlay.cpp
  basecombatcharacter.cpp
  basecombatcharacter_shared.cpp
  basecombatweapon.cpp
  basecombatweapon_shared.cpp
  baseentity.cpp
  baseentity_shared.cpp
  baseflex.cpp
  basegrenade_concussion.cpp
  basegrenade_contact.cpp
  basegrenade_shared.cpp
  basegrenade_timed.cpp
  basemultiplayerplayer.cpp
  baseparticleentity.cpp
  baseplayer_shared.cpp
  baseprojectile.cpp
  baseviewmodel.cpp
  beam_shared.cpp
  bitstring.cpp
  bmodels.cpp
  buttons.cpp
  cbase.cpp
  client.cpp
  collisionproperty.cpp
  colorcorrection.cpp
  colorcorrectionvolume.cpp
  CommentarySystem.cpp
  controlentities.cpp
  cplane.cpp
  CRagdollMagnet.cpp
  damagemodifier.cpp
  death_pose.cpp
  debugoverlay_shared.cpp
  decals.cpp
  doors.cpp
  dynamiclight.cpp
  effect_dispatch_data.cpp
  effects.cpp
  EffectsServer.cpp
  ehandle.cpp
  entityblocker.cpp
  EntityDissolve.cpp
  EntityFlame.cpp
  entitylist.cpp
  entitylist_base.cpp
  EntityParticleTrail.cpp
  EntityParticleTrail_Shared.cpp
  env_debughistory.cpp
  env_detail_controller.cpp
  env_effectsscript.cpp
  env_entity_maker.cpp
  env_particlescript.cpp
  env_player_surface_trigger.cpp
  env_projectedtexture.cpp
  env_screenoverlay.cpp
  env_texturetoggle.cpp
  env_tonemap_controller.cpp
  env_wind_shared.cpp
  env_zoom.cpp
  EnvBeam.cpp
  EnvFade.cpp
  EnvHudHint.cpp
  EnvLaser.cpp
  EnvMessage.cpp
  envmicrophone.cpp
  EnvShake.cpp
  EnvSpark.cpp
  eventlist.cpp
  EventLog.cpp
  explode.cpp
  filters.cpp
  fire.cpp
  fire_smoke.cpp
  fish.cpp
  fogcontroller.cpp
  fourwheelvehiclephysics.cpp
  func_areaportal.cpp
  func_areaportalbase.cpp
  func_areaportalwindow.cpp
  func_break.cpp
  func_breakablesurf.cpp
  func_dust.cpp
  func_ladder.cpp
  func_ladder_endpoint.cpp
  func_lod.cpp
  Func_Monitor.cpp
  func_movelinear.cpp
  func_occluder.cpp
  func_reflective_glass.cpp
  func_smokevolume.cpp
  game.cpp
  game_ui.cpp
  gameinterface.cpp
  gamemovement.cpp
  gamerules.cpp
  gamerules_register.cpp
  GameStats.cpp
  gamestringpool.cpp
  gametrace_dll.cpp
  gamevars_shared.cpp
  gameweaponmanager.cpp
  genericactor.cpp
  genericmonster.cpp
  gib.cpp
  globals.cpp
  globalstate.cpp
  GrenadeThrown.cpp
  guntarget.cpp
  h_ai.cpp
  haptic_msgs.cpp
  haptic_utils.cpp
  hierarchy.cpp
  hintmessage.cpp
  hintsystem.cpp
  hltvdirector.cpp
  igamesystem.cpp
  info_camera_link.cpp
  info_overlay_accessor.cpp
  intermission.cpp
  item_world.cpp
  lightglow.cpp
  lights.cpp
  logic_measure_movement.cpp
  logic_navigation.cpp
  logicauto.cpp
  logicentities.cpp
  logicrelay.cpp
  mapentities.cpp
  mapentities_shared.cpp
  maprules.cpp
  MaterialModifyControl.cpp
  message_entity.cpp
  modelentities.cpp
  ModelSoundsCache.cpp
  monstermaker.cpp
  movehelper_server.cpp
  movement.cpp
  movevars_shared.cpp
  mp_shareddefs.cpp
  multiplay_gamerules.cpp
  ndebugoverlay.cpp
  npc_vehicledriver.cpp
  obstacle_pushaway.cpp
  particle_light.cpp
  particle_parse.cpp
  particle_system.cpp
  particlesystemquery.cpp
  pathcorner.cpp
  pathtrack.cpp
  phys_controller.cpp
  physconstraint.cpp
  physics.cpp
  physics_bone_follower.cpp
  physics_cannister.cpp
  physics_fx.cpp
  physics_impact_damage.cpp
  physics_main.cpp
  physics_main_shared.cpp
  physics_npc_solver.cpp
  physics_prop_ragdoll.cpp
  physics_saverestore.cpp
  physics_shared.cpp
  physobj.cpp
  player.cpp
  player_command.cpp
  player_lagcompensation.cpp
  player_pickup.cpp
  player_resource.cpp
  playerclass_info_parse.cpp
  playerinfomanager.cpp
  playerlocaldata.cpp
  plugin_check.cpp
  point_bonusmaps_accessor.cpp
  point_camera.cpp
  point_devshot_camera.cpp
  point_playermoveconstraint.cpp
  point_posecontroller.cpp
  point_spotlight.cpp
  point_template.cpp
  pointanglesensor.cpp
  PointAngularVelocitySensor.cpp
  pointhurt.cpp
  pointteleport.cpp
  precache_register.cpp
  predictableid.cpp
  props.cpp
  props_shared.cpp
  querycache.cpp
  ragdoll_manager.cpp
  ragdoll_shared.cpp
  RagdollBoogie.cpp
  recipientfilter.cpp
  rope.cpp
  rope_helpers.cpp
  saverestore.cpp
  saverestore_gamedll.cpp
  SceneCache.cpp
  sceneentity.cpp
  sceneentity_shared.cpp
  scratchpad_gamedll_helpers.cpp
  scripted.cpp
  scriptedtarget.cpp
  sendproxy.cpp
  sequence_Transitioner.cpp
  serverbenchmark_base.cpp
  ServerNetworkProperty.cpp
  shadowcontrol.cpp
  simtimer.cpp
  singleplay_gamerules.cpp
  SkyCamera.cpp
  slideshow_display.cpp
  sound.cpp
  SoundEmitterSystem.cpp
  soundent.cpp
  soundenvelope.cpp
  SoundParametersInternal.cpp
  soundscape.cpp
  soundscape_system.cpp
  spotlightend.cpp
  Sprite.cpp
  sprite_perfmonitor.cpp
  studio_shared.cpp
  subs.cpp
  sun.cpp
  survival_gamerules.cpp
  tactical_mission.cpp
  takedamageinfo.cpp
  tanktrain.cpp
  team.cpp
  team_control_point.cpp
  team_control_point_master.cpp
  team_control_point_round.cpp
  team_objectiveresource.cpp
  teamplay_gamerules.cpp
  teamplay_round_timer.cpp
  teamplayroundbased_gamerules.cpp
  TemplateEntities.cpp
  tempmonster.cpp
  tesla.cpp
  test_ehandle.cpp
  test_proxytoggle.cpp
  test_stressentities.cpp
  testfunctions.cpp
  testtraceline.cpp
  textstatsmgr.cpp
  timedeventmgr.cpp
  trains.cpp
  trigger_area_capture.cpp
  triggers.cpp
  usercmd.cpp
  util.cpp
  util_shared.cpp
  variant_t.cpp
  vehicle_base.cpp
  vehicle_baseserver.cpp
  vehicle_viewblend_shared.cpp
  vguiscreen.cpp
  voice_gamemgr.cpp
  vote_controller.cpp
  waterbullet.cpp
  WaterLODControl.cpp
  wcedit.cpp
  weapon_parse.cpp
  weapon_proficiency.cpp
  weight_button.cpp
  world.cpp
  weapon_ifmbase.cpp
  weapon_ifmbasecamera.cpp
  weapon_ifmsteadycam.cpp
  basetempentity.cpp
  event_tempentity_tester.cpp
  movie_explosion.cpp
  particle_fire.cpp
  particle_smokegrenade.cpp
  plasma.cpp
  smoke_trail.cpp
  smokestack.cpp
  SpriteTrail.cpp
  steamjet.cpp
  te.cpp
  te_armorricochet.cpp
  te_basebeam.cpp
  te_beamentpoint.cpp
  te_beaments.cpp
  te_beamfollow.cpp
  te_beamlaser.cpp
  te_beampoints.cpp
  te_beamring.cpp
  te_beamringpoint.cpp
  te_beamspline.cpp
  te_bloodsprite.cpp
  te_bloodstream.cpp
  te_breakmodel.cpp
  te_bspdecal.cpp
  te_bubbles.cpp
  te_bubbletrail.cpp
  te_clientprojectile.cpp
  te_decal.cpp
  te_dynamiclight.cpp
  te_effect_dispatch.cpp
  te_energysplash.cpp
  te_explosion.cpp
  te_fizz.cpp
  te_footprintdecal.cpp
  te_gaussexplosion.cpp
  te_glassshatter.cpp
  te_glowsprite.cpp
  te_impact.cpp
  te_killplayerattachments.cpp
  te_largefunnel.cpp
  te_muzzleflash.cpp
  te_particlesystem.cpp
  te_physicsprop.cpp
  te_playerdecal.cpp
  te_projecteddecal.cpp
  te_showline.cpp
  te_smoke.cpp
  te_sparks.cpp
  te_sprite.cpp
  te_spritespray.cpp
  te_worlddecal.cpp
  usermessages.cpp
  achievements_tf.cpp
  baseobject_shared.cpp
  entity_ammopack.cpp
  entity_armor.cpp
  entity_capture_flag.cpp
  entity_forcerespawn.cpp
  entity_game_text_tf.cpp
  entity_healthkit.cpp
  entity_intermission.cpp
  entity_roundwin.cpp
  entity_tfstart.cpp
  func_capture_zone.cpp
  func_changeclass.cpp
  func_no_build.cpp
  func_nogrenades.cpp
  func_regenerate.cpp
  func_respawnroom.cpp
  multiplayer_animstate.cpp
  te_tfblood.cpp
  tf_ammo_pack.cpp
  tf_bot_temp.cpp
  tf_client.cpp
  tf_eventlog.cpp
  tf_filters.cpp
  tf_fx.cpp
  tf_fx_shared.cpp
  tf_gameinterface.cpp
  tf_gamemovement.cpp
  tf_gamerules.cpp
  tf_gamestats.cpp
  tf_hltvdirector.cpp
  tf_item.cpp
  tf_obj.cpp
  tf_obj_baseupgrade_shared.cpp
  tf_obj_dispenser.cpp
  tf_obj_sapper.cpp
  tf_obj_sentrygun.cpp
  tf_obj_teleporter.cpp
  tf_objective_resource.cpp
  tf_player.cpp
  tf_player_resource.cpp
  tf_player_shared.cpp
  tf_playeranimstate.cpp
  tf_playerclass.cpp
  tf_playerclass_info_parse.cpp
  tf_playerclass_shared.cpp
  tf_playermove.cpp
  tf_powerup.cpp
  tf_projectile_base.cpp
  tf_projectile_nail.cpp
  tf_projectile_rocket.cpp
  tf_shareddefs.cpp
  tf_team.cpp
  tf_turret.cpp
  tf_usermessages.cpp
  tf_viewmodel.cpp
  tf_weapon_bat.cpp
  tf_weapon_bonesaw.cpp
  tf_weapon_bottle.cpp
  tf_weapon_builder.cpp
  tf_weapon_club.cpp
  tf_weapon_fireaxe.cpp
  tf_weapon_fists.cpp
  tf_weapon_flamethrower.cpp
  tf_weapon_grenade_pipebomb.cpp
  tf_weapon_grenadelauncher.cpp
  tf_weapon_invis.cpp
  tf_weapon_knife.cpp
  tf_weapon_medigun.cpp
  tf_weapon_minigun.cpp
  tf_weapon_parse.cpp
  tf_weapon_pda.cpp
  tf_weapon_pipebomblauncher.cpp
  tf_weapon_pistol.cpp
  tf_weapon_revolver.cpp
  tf_weapon_rocketlauncher.cpp
  tf_weapon_shotgun.cpp
  tf_weapon_shovel.cpp
  tf_weapon_smg.cpp
  tf_weapon_sniperrifle.cpp
  tf_weapon_syringegun.cpp
  tf_weapon_wrench.cpp
  tf_weaponbase.cpp
  tf_weaponbase_grenadeproj.cpp
  tf_weaponbase_gun.cpp
  tf_weaponbase_melee.cpp
  tf_weaponbase_rocket.cpp
  entity_tools_server.cpp
  toolframework_server.cpp
  bone_setup.cpp
  collisionutils.cpp
  dt_send.cpp
  dt_utlvector_common.cpp
  dt_utlvector_send.cpp
  editor_sendcommand.cpp
  filesystem_helpers.cpp
  gamehandle.cpp
  GameStats_BasicStatsFunctions.cpp
  h_export.cpp
  init_factory.cpp
  interpolatortypes.cpp
  interval.cpp
  keyframe.cpp
  language.cpp
  map_utils.cpp
  memoverride.cpp
  networkvar.cpp
  randoverride.cpp
  registry.cpp
  rope_physics.cpp
  scratchpad3d.cpp
  ScratchPadUtils.cpp
  server_class.cpp
  sheetsimulator.cpp
  simple_physics.cpp
  stringregistry.cpp
  studio.cpp
  tf_gamestats_shared.cpp
     Creating library .\Release_tf_mod\server.lib and object .\Release_tf_mod\server.exp
  server_tf_mod.vcxproj -> C:\Users\pokeg\Desktop\classic tf2\src\game\server\.\Release_tf_mod\server.dll
          1 file(s) copied.
          1 file(s) copied.
