  Compiling pointeroverride.asm
   Assembling: C:\Users\pokeg\Desktop\classic tf2\src\public\tier0\pointeroverride.asm
  Microsoft (R) Macro Assembler Version 12.00.40629.0
  Copyright (C) Microsoft Corporation.  All rights reserved.
  
  Running VPC CRC Check - client_tf_mod.vpc
  The process cannot access the file because it is being used by another process.
  stdafx.cpp
  clas_handviewmodel_shared.cpp
  tf_weapon_nailgun.cpp
  tf_weapon_nailnade.cpp
  tf_weapon_pipenade.cpp
  mp3player.cpp
  cdll_replay.cpp
  replaycamera.cpp
  achievement_notification_panel.cpp
  achievement_saverestore.cpp
  achievementmgr.cpp
  achievements_hlx.cpp
  activitylist.cpp
  alphamaterialproxy.cpp
  ammodef.cpp
  animatedentitytextureproxy.cpp
  animatedoffsettextureproxy.cpp
  animatedtextureproxy.cpp
  AnimateSpecificTextureProxy.cpp
  animation.cpp
  base_playeranimstate.cpp
  baseachievement.cpp
  baseanimatedtextureproxy.cpp
  baseclientrendertargets.cpp
  basecombatcharacter_shared.cpp
  basecombatweapon_shared.cpp
  baseentity_shared.cpp
  basegrenade_shared.cpp
  baseparticleentity.cpp
  baseplayer_shared.cpp
  basepresence.cpp
  baseprojectile.cpp
  clas_baseviewmodel_shared.cpp
  beam_shared.cpp
  beamdraw.cpp
  bone_accessor.cpp
  bone_merge_cache.cpp
  c_ai_basehumanoid.cpp
  c_ai_basenpc.cpp
  c_baseanimating.cpp
  c_baseanimatingoverlay.cpp
  c_basecombatcharacter.cpp
  c_basecombatweapon.cpp
  c_basedoor.cpp
  c_baseentity.cpp
  c_baseflex.cpp
  c_baseplayer.cpp
  c_baseviewmodel.cpp
  c_breakableprop.cpp
  c_colorcorrection.cpp
  c_colorcorrectionvolume.cpp
  c_dynamiclight.cpp
  c_entitydissolve.cpp
  c_entityparticletrail.cpp
  c_env_fog_controller.cpp
  c_env_particlescript.cpp
  c_env_projectedtexture.cpp
  c_env_screenoverlay.cpp
  c_env_tonemap_controller.cpp
  c_fire_smoke.cpp
  c_fish.cpp
  c_func_areaportalwindow.cpp
  c_func_breakablesurf.cpp
  c_func_conveyor.cpp
  c_func_dust.cpp
  c_func_lod.cpp
  C_Func_Monitor.cpp
  c_func_occluder.cpp
  c_func_reflective_glass.cpp
  c_func_rotating.cpp
  c_func_smokevolume.cpp
  c_func_tracktrain.cpp
  c_gib.cpp
  c_hairball.cpp
  c_info_overlay_accessor.cpp
  c_lightglow.cpp
  C_MaterialModifyControl.cpp
  c_particle_system.cpp
  c_physbox.cpp
  c_physicsprop.cpp
  c_physmagnet.cpp
  c_pixel_visibility.cpp
  c_plasma.cpp
  c_playerresource.cpp
  c_point_camera.cpp
  c_point_commentary_node.cpp
  c_props.cpp
  c_ragdoll_manager.cpp
  c_rope.cpp
  c_rumble.cpp
  c_sceneentity.cpp
  c_shadowcontrol.cpp
  c_slideshow_display.cpp
  c_soundscape.cpp
  c_spotlight_end.cpp
  c_sprite.cpp
  c_sprite_perfmonitor.cpp
  c_sun.cpp
  c_team.cpp
  c_team_objectiveresource.cpp
  c_tesla.cpp
  c_test_proxytoggle.cpp
  c_user_message_register.cpp
  c_vehicle_choreo_generic.cpp
  c_vehicle_jeep.cpp
  c_vguiscreen.cpp
  c_vote_controller.cpp
  c_waterbullet.cpp
  C_WaterLODControl.cpp
  c_world.cpp
  cam_thirdperson.cpp
  camomaterialproxy.cpp
  cdll_bounded_cvars.cpp
  cdll_client_int.cpp
  cdll_util.cpp
  cl_mat_stub.cpp
  classmap.cpp
  client_factorylist.cpp
  client_thinklist.cpp
  client_virtualreality.cpp
  clienteffectprecachesystem.cpp
  cliententitylist.cpp
  clientleafsystem.cpp
  clientmode_shared.cpp
  clientshadowmgr.cpp
  clientsideeffects.cpp
  clientsideeffects_test.cpp
  clientsteamcontext.cpp
  collisionproperty.cpp
  colorcorrectionmgr.cpp
  commentary_modelviewer.cpp
  death_pose.cpp
  debugoverlay_shared.cpp
  decals.cpp
  detailobjectsystem.cpp
  dummyproxy.cpp
  effect_dispatch_data.cpp
  EffectsClient.cpp
  ehandle.cpp
  entitylist_base.cpp
  entityoriginmaterialproxy.cpp
  EntityParticleTrail_Shared.cpp
  env_detail_controller.cpp
  env_wind_shared.cpp
  eventlist.cpp
  flashlighteffect.cpp
  func_ladder.cpp
  functionproxy.cpp
  fx_blood.cpp
  fx_cube.cpp
  fx_explosion.cpp
  fx_fleck.cpp
  fx_impact.cpp
  fx_interpvalue.cpp
  fx_quad.cpp
  fx_shelleject.cpp
  fx_staticline.cpp
  fx_tracer.cpp
  fx_trail.cpp
  fx_water.cpp
  gamemovement.cpp
  gamerules.cpp
  gamerules_register.cpp
  GameStats.cpp
  gamestringpool.cpp
  gametrace_client.cpp
  gamevars_shared.cpp
  geiger.cpp
  glow_outline_effect.cpp
  glow_overlay.cpp
  haptic_msgs.cpp
  haptic_utils.cpp
  hintmessage.cpp
  hintsystem.cpp
  history_resource.cpp
  hltvcamera.cpp
  hud.cpp
  hud_animationinfo.cpp
  hud_autoaim.cpp
  hud_base_account.cpp
  hud_basechat.cpp
  hud_basedeathnotice.cpp
  hud_basetimer.cpp
  hud_bitmapnumericdisplay.cpp
  hud_closecaption.cpp
  hud_controlpointicons.cpp
  hud_crosshair.cpp
  hud_element_helper.cpp
  hud_filmdemo.cpp
  hud_hdrdemo.cpp
  hud_hintdisplay.cpp
  hud_msg.cpp
  hud_numericdisplay.cpp
  hud_pdump.cpp
  hud_redraw.cpp
  hud_vehicle.cpp
  hud_vguiscreencursor.cpp
  hud_voicestatus.cpp
  hud_weapon.cpp
  igamesystem.cpp
  in_camera.cpp
  in_joystick.cpp
  in_main.cpp
  initializer.cpp
  interpolatedvar.cpp
  IsNPCProxy.cpp
  lampbeamproxy.cpp
  lamphaloproxy.cpp
  mapentities_shared.cpp
  mathproxy.cpp
  matrixproxy.cpp
  menu.cpp
  message.cpp
  movehelper_client.cpp
  movevars_shared.cpp
  mp_shareddefs.cpp
  multiplay_gamerules.cpp
  obstacle_pushaway.cpp
  panelmetaclassmgr.cpp
  particle_collision.cpp
  particle_litsmokeemitter.cpp
  particle_parse.cpp
  particle_property.cpp
  particle_proxies.cpp
  particle_simple3d.cpp
  particlemgr.cpp
  particles_attractor.cpp
  particles_ez.cpp
  particles_localspace.cpp
  particles_new.cpp
  particles_simple.cpp
  particlesystemquery.cpp
  perfvisualbenchmark.cpp
  physics.cpp
  physics_main_client.cpp
  physics_main_shared.cpp
  physics_saverestore.cpp
  physics_shared.cpp
  physpropclientside.cpp
  playerandobjectenumerator.cpp
  playerclass_info_parse.cpp
  playerspawncache.cpp
  point_bonusmaps_accessor.cpp
  point_posecontroller.cpp
  precache_register.cpp
  predictableid.cpp
  prediction.cpp
  predictioncopy.cpp
  props_shared.cpp
  proxyentity.cpp
  ProxyHealth.cpp
  proxyplayer.cpp
  proxypupil.cpp
  ragdoll.cpp
  ragdoll_shared.cpp
  recvproxy.cpp
  rope_helpers.cpp
  saverestore.cpp
  sceneentity_shared.cpp
  ScreenSpaceEffects.cpp
  sequence_Transitioner.cpp
  simple_keys.cpp
  simtimer.cpp
  singleplay_gamerules.cpp
  SoundEmitterSystem.cpp
  soundenvelope.cpp
  SoundParametersInternal.cpp
  splinepatch.cpp
  Sprite.cpp
  spritemodel.cpp
  SpriteTrail.cpp
  studio_shared.cpp
  studio_stats.cpp
  takedamageinfo.cpp
  TeamBitmapImage.cpp
  teamplay_gamerules.cpp
  teamplay_round_timer.cpp
  teamplayroundbased_gamerules.cpp
  test_ehandle.cpp
  text_message.cpp
  texturescrollmaterialproxy.cpp
  timematerialproxy.cpp
  toggletextureproxy.cpp
  train.cpp
  usercmd.cpp
  usermessages.cpp
  util_shared.cpp
  vehicle_viewblend_shared.cpp
  vgui_avatarimage.cpp
  vgui_basepanel.cpp
  vgui_bitmapbutton.cpp
  vgui_bitmapimage.cpp
  vgui_bitmappanel.cpp
  vgui_centerstringpanel.cpp
  vgui_consolepanel.cpp
  vgui_debugoverlaypanel.cpp
  vgui_fpspanel.cpp
  vgui_game_viewport.cpp
  vgui_grid.cpp
  vgui_int.cpp
  vgui_loadingdiscpanel.cpp
  vgui_messagechars.cpp
  vgui_netgraphpanel.cpp
  vgui_schemevisualizer.cpp
  vgui_slideshow_display_screen.cpp
  vgui_video.cpp
  vgui_video_player.cpp
  view.cpp
  view_beams.cpp
  view_effects.cpp
  view_scene.cpp
  viewangleanim.cpp
  ViewConeImage.cpp
  viewdebug.cpp
  viewpostprocess.cpp
  viewrender.cpp
  voice_banmgr.cpp
  voice_menu.cpp
  voice_status.cpp
  warp_overlay.cpp
  WaterLODMaterialProxy.cpp
  weapon_parse.cpp
  weapon_selection.cpp
  weapons_resource.cpp
  WorldDimsProxy.cpp
  basemodel_panel.cpp
  basemodelpanel.cpp
  baseviewport.cpp
  buymenu.cpp
  buysubmenu.cpp
  classmenu.cpp
  ClientScoreBoardDialog.cpp
  commandmenu.cpp
  IconPanel.cpp
  intromenu.cpp
  MapOverview.cpp
  NavProgress.cpp
  SpectatorGUI.cpp
  teammenu.cpp
  vguitextwindow.cpp
  weapon_ifmbase.cpp
  weapon_ifmbasecamera.cpp
  weapon_ifmsteadycam.cpp
  in_sixense.cpp
  in_sixense_gesture_bindings.cpp
  sixense_convars.cpp
  c_basetempentity.cpp
  c_effects.cpp
  c_impact_effects.cpp
  c_movie_explosion.cpp
  c_particle_fire.cpp
  c_particle_smokegrenade.cpp
  c_prop_vehicle.cpp
  c_recipientfilter.cpp
  c_smoke_trail.cpp
  c_smokestack.cpp
  c_steamjet.cpp
  c_stickybolt.cpp
  c_te.cpp
  c_te_armorricochet.cpp
  c_te_basebeam.cpp
  c_te_beamentpoint.cpp
  c_te_beaments.cpp
  c_te_beamfollow.cpp
  c_te_beamlaser.cpp
  c_te_beampoints.cpp
  c_te_beamring.cpp
  c_te_beamringpoint.cpp
  c_te_beamspline.cpp
  c_te_bloodsprite.cpp
  c_te_bloodstream.cpp
  c_te_breakmodel.cpp
  c_te_bspdecal.cpp
  c_te_bubbles.cpp
  c_te_bubbletrail.cpp
  c_te_clientprojectile.cpp
  c_te_decal.cpp
  c_te_dynamiclight.cpp
  c_te_effect_dispatch.cpp
  c_te_energysplash.cpp
  c_te_explosion.cpp
  c_te_fizz.cpp
  c_te_footprint.cpp
  c_te_glassshatter.cpp
  c_te_glowsprite.cpp
  c_te_impact.cpp
  c_te_killplayerattachments.cpp
  c_te_largefunnel.cpp
  c_te_legacytempents.cpp
  c_te_muzzleflash.cpp
  c_te_particlesystem.cpp
  c_te_physicsprop.cpp
  c_te_playerdecal.cpp
  c_te_projecteddecal.cpp
  c_te_showline.cpp
  c_te_smoke.cpp
  c_te_sparks.cpp
  c_te_sprite.cpp
  c_te_spritespray.cpp
  c_te_worlddecal.cpp
  c_testtraceline.cpp
  c_tracer.cpp
  fx.cpp
  fx_discreetline.cpp
  fx_envelope.cpp
  fx_line.cpp
  fx_sparks.cpp
  particlesphererenderer.cpp
  smoke_fog_overlay.cpp
  achievements_tf.cpp
  baseobject_shared.cpp
  c_baseobject.cpp
  c_func_capture_zone.cpp
  c_func_respawnroom.cpp
  c_obj_dispenser.cpp
  c_obj_sapper.cpp
  c_obj_sentrygun.cpp
  c_obj_teleporter.cpp
  c_playerattachedmodel.cpp
  c_tf_ammo_pack.cpp
  c_tf_fx.cpp
  c_tf_objective_resource.cpp
  c_tf_player.cpp
  c_tf_playerresource.cpp
  c_tf_team.cpp
  clientmode_tf.cpp
  entity_capture_flag.cpp
  multiplayer_animstate.cpp
  teammaterialproxy.cpp
  tf_fx_blood.cpp
  tf_fx_ejectbrass.cpp
  tf_fx_explosions.cpp
  tf_fx_impacts.cpp
  tf_fx_muzzleflash.cpp
  tf_fx_particleeffect.cpp
  tf_fx_shared.cpp
  tf_fx_taunteffects.cpp
  tf_fx_tracers.cpp
  tf_gamemovement.cpp
  tf_gamerules.cpp
  tf_hud_account.cpp
  tf_hud_ammostatus.cpp
  tf_hud_building_status.cpp
  tf_hud_chat.cpp
  tf_hud_cloakmeter.cpp
  tf_hud_damageindicator.cpp
  tf_hud_deathnotice.cpp
  tf_hud_demomancharge.cpp
  tf_hud_demomanpipes.cpp
  tf_hud_disguise_status.cpp
  tf_hud_flagstatus.cpp
  tf_hud_freezepanel.cpp
  tf_hud_mediccallers.cpp
  tf_hud_mediccharge.cpp
  tf_hud_menu_engy_build.cpp
  tf_hud_menu_engy_destroy.cpp
  tf_hud_menu_spy_disguise.cpp
  tf_hud_notification_panel.cpp
  tf_hud_objectivestatus.cpp
  tf_hud_playerstatus.cpp
  tf_hud_scope.cpp
  tf_hud_stalemate.cpp
  tf_hud_statpanel.cpp
  tf_hud_target_id.cpp
  tf_hud_teamgoal.cpp
  tf_hud_teamswitch.cpp
  tf_hud_waitingforplayers_panel.cpp
  tf_hud_weaponselection.cpp
  tf_hud_winpanel.cpp
  tf_imagepanel.cpp
  tf_input_main.cpp
  tf_item.cpp
  tf_obj_baseupgrade_shared.cpp
  tf_player_shared.cpp
  tf_playeranimstate.cpp
  tf_playerclass_info_parse.cpp
  tf_playerclass_shared.cpp
  tf_prediction.cpp
  tf_presence.cpp
  tf_projectile_base.cpp
  tf_projectile_nail.cpp
  tf_shareddefs.cpp
  tf_steamstats.cpp
  tf_tips.cpp
  tf_usermessages.cpp
  tf_viewmodel.cpp
  tf_viewrender.cpp
  backgroundpanel.cpp
  ObjectControlPanel.cpp
  tf_classmenu.cpp
  tf_clientscoreboard.cpp
  tf_controls.cpp
  tf_intromenu.cpp
  tf_mapinfomenu.cpp
  tf_roundinfo.cpp
  tf_spectatorgui.cpp
  tf_statsummary.cpp
  tf_teammenu.cpp
  tf_textwindow.cpp
  tf_vgui_video.cpp
  tf_viewport.cpp
  vgui_pda_panel.cpp
  vgui_rootpanel_tf.cpp
  vgui_rotation_slider.cpp
  c_tf_projectile_rocket.cpp
  c_tf_weapon_builder.cpp
  tf_weapon_bat.cpp
  tf_weapon_bonesaw.cpp
  tf_weapon_bottle.cpp
  tf_weapon_club.cpp
  tf_weapon_fireaxe.cpp
  tf_weapon_fists.cpp
  tf_weapon_flamethrower.cpp
  tf_weapon_grenade_pipebomb.cpp
  tf_weapon_grenadelauncher.cpp
  tf_weapon_invis.cpp
  tf_weapon_knife.cpp
  tf_weapon_medigun.cpp
  tf_weapon_minigun.cpp
  tf_weapon_parse.cpp
  tf_weapon_pda.cpp
  tf_weapon_pipebomblauncher.cpp
  tf_weapon_pistol.cpp
  tf_weapon_revolver.cpp
  tf_weapon_rocketlauncher.cpp
  tf_weapon_shotgun.cpp
  tf_weapon_shovel.cpp
  tf_weapon_smg.cpp
  tf_weapon_sniperrifle.cpp
  tf_weapon_syringegun.cpp
  tf_weapon_wrench.cpp
  tf_weaponbase.cpp
  tf_weaponbase_grenadeproj.cpp
  tf_weaponbase_gun.cpp
  tf_weaponbase_melee.cpp
  tf_weaponbase_rocket.cpp
  bonelist.cpp
  entity_client_tools.cpp
  toolframework_client.cpp
  bone_setup.cpp
  client_class.cpp
  collisionutils.cpp
  compiledcaptionswap.cpp
  crtmemdebug.cpp
  dt_recv.cpp
  dt_utlvector_common.cpp
  dt_utlvector_recv.cpp
  filesystem_helpers.cpp
  hud_lcd.cpp
  in_mouse.cpp
  interpolatortypes.cpp
  interval.cpp
  jigglebones.cpp
  language.cpp
  memoverride.cpp
  mumble.cpp
  networkvar.cpp
  posedebugger.cpp
  randoverride.cpp
  renamed_recvtable_compat.cpp
  rendertexture.cpp
  rope_physics.cpp
  scratchpad3d.cpp
  ScratchPadUtils.cpp
  sentence.cpp
  sheetsimulator.cpp
  simple_physics.cpp
  stringregistry.cpp
  studio.cpp
  vallocator.cpp
  vgui_controls.cpp
  tf_gamestats_shared.cpp
     Creating library .\Release_tf_mod\\client.lib and object .\Release_tf_mod\\client.exp
  client_tf_mod.vcxproj -> C:\Users\pokeg\Desktop\classic tf2\src\game\client\.\Release_tf_mod\client.dll
          1 file(s) copied.
          1 file(s) copied.
